2024-12-24 12:59:05,533 [JavaFX Application Thread] INFO  org.example.wordle.MainApplication       - Initializing application...
2024-12-24 12:59:05,535 [JavaFX Application Thread] INFO  org.example.wordle.WindowManager         - Setting the primary stage to [javafx.stage.Stage@68dfd754]
2024-12-24 12:59:05,537 [JavaFX Application Thread] INFO  org.example.wordle.WindowManager         - Showing new window --> [WORDLE | Home] in [/fxml/mainwindow.fxml]...
2024-12-24 12:59:09,796 [JavaFX Application Thread] DEBUG org.example.controllers.MainWindow       - Toggle switch event received
2024-12-24 12:59:09,810 [JavaFX Application Thread] DEBUG org.example.controllers.MainWindow       - Country toggle switch is activated
2024-12-24 12:59:09,811 [JavaFX Application Thread] DEBUG org.example.controllers.MainWindow       - Country toggle switch is desactivated
2024-12-24 12:59:10,245 [JavaFX Application Thread] DEBUG org.example.controllers.MainWindow       - Toggle switch event received
2024-12-24 12:59:14,244 [JavaFX Application Thread] INFO  org.example.wordle.MainApplication       - Close the application...
2024-12-28 11:09:01,330 [JavaFX Application Thread] INFO  org.example.wordle.MainApplication       - Initializing application...
2024-12-28 11:09:01,333 [JavaFX Application Thread] INFO  org.example.wordle.WindowManager         - Setting the primary stage to [javafx.stage.Stage@68dfd754]
2024-12-28 11:09:01,334 [JavaFX Application Thread] INFO  org.example.wordle.WindowManager         - Showing new window --> [WORDLE | Home] in [/fxml/mainwindow.fxml]...
2024-12-28 11:09:05,960 [JavaFX Application Thread] DEBUG org.example.controllers.MainWindow       - Toggle switch event received
2024-12-28 11:09:05,961 [JavaFX Application Thread] DEBUG org.example.controllers.MainWindow       - Country toggle switch is desactivated
2024-12-28 11:09:05,961 [JavaFX Application Thread] DEBUG org.example.controllers.MainWindow       - Country toggle is activated
2024-12-28 11:09:09,393 [JavaFX Application Thread] DEBUG org.example.controllers.MainWindow       - The play button has been clicked
2024-12-28 11:09:09,395 [JavaFX Application Thread] DEBUG org.example.controllers.MainWindow       - Button [4] selected
2024-12-28 11:09:09,395 [JavaFX Application Thread] INFO  org.example.wordle.WindowManager         - Showing new window --> [WORDLE | 4 Letters] in [/fxml/w4letters.fxml]...
2024-12-28 11:09:09,400 [JavaFX Application Thread] DEBUG org.example.wordle.WordManager           - Generating a word with length [4]...
2024-12-28 11:09:09,401 [JavaFX Application Thread] DEBUG org.example.wordle.WordManager           - Options selected: Countries --> [false], Films --> [true]
2024-12-28 11:09:09,401 [JavaFX Application Thread] INFO  org.example.wordle.WordManager           - Word generated --> [LILO]
2024-12-28 11:09:11,063 [JavaFX Application Thread] INFO  org.example.controllers.W4Letters        - [N] key pressed
2024-12-28 11:09:11,413 [JavaFX Application Thread] INFO  org.example.controllers.W4Letters        - [E] key pressed
2024-12-28 11:09:11,537 [JavaFX Application Thread] INFO  org.example.controllers.W4Letters        - [M] key pressed
2024-12-28 11:09:11,666 [JavaFX Application Thread] INFO  org.example.controllers.W4Letters        - [O] key pressed
2024-12-28 11:09:11,912 [JavaFX Application Thread] INFO  org.example.controllers.W4Letters        - [ENTER] key pressed
2024-12-28 11:09:11,913 [JavaFX Application Thread] INFO  org.example.controllers.W4Letters        - WORD --> [NEMO]
2024-12-28 11:09:11,913 [JavaFX Application Thread] DEBUG org.example.wordle.WordManager           - Verifying user word...
2024-12-28 11:09:11,913 [JavaFX Application Thread] DEBUG org.example.wordle.WordManager           - Filling out the color list whit GREEN and GREY
2024-12-28 11:09:11,913 [JavaFX Application Thread] DEBUG org.example.wordle.WordManager           - Getting positions of letter [N]
2024-12-28 11:09:11,913 [JavaFX Application Thread] TRACE org.example.wordle.WordManager           - Positions collected: [[0]]
2024-12-28 11:09:11,913 [JavaFX Application Thread] DEBUG org.example.wordle.WordManager           - Getting positions of letter [N]
2024-12-28 11:09:11,913 [JavaFX Application Thread] TRACE org.example.wordle.WordManager           - Positions collected: [[]]
2024-12-28 11:09:11,914 [JavaFX Application Thread] DEBUG org.example.wordle.WordManager           - Getting positions of letter [E]
2024-12-28 11:09:11,914 [JavaFX Application Thread] TRACE org.example.wordle.WordManager           - Positions collected: [[1]]
2024-12-28 11:09:11,914 [JavaFX Application Thread] DEBUG org.example.wordle.WordManager           - Getting positions of letter [E]
2024-12-28 11:09:11,914 [JavaFX Application Thread] TRACE org.example.wordle.WordManager           - Positions collected: [[]]
2024-12-28 11:09:11,914 [JavaFX Application Thread] DEBUG org.example.wordle.WordManager           - Getting positions of letter [M]
2024-12-28 11:09:11,914 [JavaFX Application Thread] TRACE org.example.wordle.WordManager           - Positions collected: [[2]]
2024-12-28 11:09:11,914 [JavaFX Application Thread] DEBUG org.example.wordle.WordManager           - Getting positions of letter [M]
2024-12-28 11:09:11,914 [JavaFX Application Thread] TRACE org.example.wordle.WordManager           - Positions collected: [[]]
2024-12-28 11:09:11,914 [JavaFX Application Thread] DEBUG org.example.wordle.WordManager           - Getting positions of letter [O]
2024-12-28 11:09:11,915 [JavaFX Application Thread] TRACE org.example.wordle.WordManager           - Positions collected: [[]]
2024-12-28 11:09:11,915 [JavaFX Application Thread] DEBUG org.example.wordle.WordManager           - Getting positions of letter [O]
2024-12-28 11:09:11,915 [JavaFX Application Thread] TRACE org.example.wordle.WordManager           - Positions collected: [[]]
2024-12-28 11:09:38,033 [JavaFX Application Thread] INFO  org.example.controllers.W4Letters        - [B] key pressed
2024-12-28 11:09:38,097 [JavaFX Application Thread] INFO  org.example.controllers.W4Letters        - [A] key pressed
2024-12-28 11:09:38,239 [JavaFX Application Thread] INFO  org.example.controllers.W4Letters        - [R] key pressed
2024-12-28 11:09:38,445 [JavaFX Application Thread] INFO  org.example.controllers.W4Letters        - [T] key pressed
2024-12-28 11:09:38,610 [JavaFX Application Thread] INFO  org.example.controllers.W4Letters        - [ENTER] key pressed
2024-12-28 11:09:38,610 [JavaFX Application Thread] INFO  org.example.controllers.W4Letters        - WORD --> [BART]
2024-12-28 11:09:38,610 [JavaFX Application Thread] DEBUG org.example.wordle.WordManager           - Verifying user word...
2024-12-28 11:09:38,611 [JavaFX Application Thread] DEBUG org.example.wordle.WordManager           - Filling out the color list whit GREEN and GREY
2024-12-28 11:09:38,611 [JavaFX Application Thread] DEBUG org.example.wordle.WordManager           - Getting positions of letter [B]
2024-12-28 11:09:38,611 [JavaFX Application Thread] TRACE org.example.wordle.WordManager           - Positions collected: [[0]]
2024-12-28 11:09:38,611 [JavaFX Application Thread] DEBUG org.example.wordle.WordManager           - Getting positions of letter [B]
2024-12-28 11:09:38,611 [JavaFX Application Thread] TRACE org.example.wordle.WordManager           - Positions collected: [[]]
2024-12-28 11:09:38,611 [JavaFX Application Thread] DEBUG org.example.wordle.WordManager           - Getting positions of letter [A]
2024-12-28 11:09:38,611 [JavaFX Application Thread] TRACE org.example.wordle.WordManager           - Positions collected: [[1]]
2024-12-28 11:09:38,611 [JavaFX Application Thread] DEBUG org.example.wordle.WordManager           - Getting positions of letter [A]
2024-12-28 11:09:38,611 [JavaFX Application Thread] TRACE org.example.wordle.WordManager           - Positions collected: [[]]
2024-12-28 11:09:38,611 [JavaFX Application Thread] DEBUG org.example.wordle.WordManager           - Getting positions of letter [R]
2024-12-28 11:09:38,611 [JavaFX Application Thread] TRACE org.example.wordle.WordManager           - Positions collected: [[2]]
2024-12-28 11:09:38,612 [JavaFX Application Thread] DEBUG org.example.wordle.WordManager           - Getting positions of letter [R]
2024-12-28 11:09:38,612 [JavaFX Application Thread] TRACE org.example.wordle.WordManager           - Positions collected: [[]]
2024-12-28 11:09:38,612 [JavaFX Application Thread] DEBUG org.example.wordle.WordManager           - Getting positions of letter [T]
2024-12-28 11:09:38,612 [JavaFX Application Thread] TRACE org.example.wordle.WordManager           - Positions collected: [[3]]
2024-12-28 11:09:38,612 [JavaFX Application Thread] DEBUG org.example.wordle.WordManager           - Getting positions of letter [T]
2024-12-28 11:09:38,612 [JavaFX Application Thread] TRACE org.example.wordle.WordManager           - Positions collected: [[]]
2024-12-28 11:10:13,341 [JavaFX Application Thread] INFO  org.example.controllers.W4Letters        - [L] key pressed
2024-12-28 11:10:14,619 [JavaFX Application Thread] INFO  org.example.controllers.W4Letters        - [I] key pressed
2024-12-28 11:10:14,830 [JavaFX Application Thread] INFO  org.example.controllers.W4Letters        - [L] key pressed
2024-12-28 11:10:15,036 [JavaFX Application Thread] INFO  org.example.controllers.W4Letters        - [O] key pressed
2024-12-28 11:10:15,257 [JavaFX Application Thread] INFO  org.example.controllers.W4Letters        - [ENTER] key pressed
2024-12-28 11:10:15,257 [JavaFX Application Thread] INFO  org.example.controllers.W4Letters        - WORD --> [LILO]
2024-12-28 11:10:15,257 [JavaFX Application Thread] DEBUG org.example.wordle.WordManager           - Verifying user word...
2024-12-28 11:10:15,258 [JavaFX Application Thread] DEBUG org.example.wordle.WordManager           - Filling out the color list whit GREEN and GREY
2024-12-28 11:10:15,258 [JavaFX Application Thread] DEBUG org.example.wordle.WordManager           - Getting positions of letter [L]
2024-12-28 11:10:15,258 [JavaFX Application Thread] TRACE org.example.wordle.WordManager           - Positions collected: [[]]
2024-12-28 11:10:15,258 [JavaFX Application Thread] DEBUG org.example.wordle.WordManager           - Getting positions of letter [L]
2024-12-28 11:10:15,258 [JavaFX Application Thread] TRACE org.example.wordle.WordManager           - Positions collected: [[]]
2024-12-28 11:10:15,258 [JavaFX Application Thread] DEBUG org.example.wordle.WordManager           - Getting positions of letter [I]
2024-12-28 11:10:15,258 [JavaFX Application Thread] TRACE org.example.wordle.WordManager           - Positions collected: [[]]
2024-12-28 11:10:15,258 [JavaFX Application Thread] DEBUG org.example.wordle.WordManager           - Getting positions of letter [I]
2024-12-28 11:10:15,258 [JavaFX Application Thread] TRACE org.example.wordle.WordManager           - Positions collected: [[]]
2024-12-28 11:10:15,258 [JavaFX Application Thread] DEBUG org.example.wordle.WordManager           - Getting positions of letter [L]
2024-12-28 11:10:15,259 [JavaFX Application Thread] TRACE org.example.wordle.WordManager           - Positions collected: [[]]
2024-12-28 11:10:15,259 [JavaFX Application Thread] DEBUG org.example.wordle.WordManager           - Getting positions of letter [L]
2024-12-28 11:10:15,259 [JavaFX Application Thread] TRACE org.example.wordle.WordManager           - Positions collected: [[]]
2024-12-28 11:10:15,259 [JavaFX Application Thread] DEBUG org.example.wordle.WordManager           - Getting positions of letter [O]
2024-12-28 11:10:15,259 [JavaFX Application Thread] TRACE org.example.wordle.WordManager           - Positions collected: [[]]
2024-12-28 11:10:15,259 [JavaFX Application Thread] DEBUG org.example.wordle.WordManager           - Getting positions of letter [O]
2024-12-28 11:10:15,259 [JavaFX Application Thread] TRACE org.example.wordle.WordManager           - Positions collected: [[]]
2024-12-28 11:10:15,260 [JavaFX Application Thread] INFO  org.example.controllers.W4Letters        - You win! You guess de word --> [LILO]
2024-12-28 11:10:18,583 [JavaFX Application Thread] INFO  org.example.wordle.WindowManager         - Showing new window --> [WORDLE | Home] in [/fxml/mainwindow.fxml]...
2024-12-28 11:10:21,532 [JavaFX Application Thread] DEBUG org.example.controllers.MainWindow       - Toggle switch event received
2024-12-28 11:10:21,532 [JavaFX Application Thread] DEBUG org.example.controllers.MainWindow       - Country toggle switch is desactivated
2024-12-28 11:10:21,532 [JavaFX Application Thread] DEBUG org.example.controllers.MainWindow       - Country toggle is activated
2024-12-28 11:10:22,694 [JavaFX Application Thread] DEBUG org.example.controllers.MainWindow       - The play button has been clicked
2024-12-28 11:10:22,694 [JavaFX Application Thread] DEBUG org.example.controllers.MainWindow       - Button [4] selected
2024-12-28 11:10:22,694 [JavaFX Application Thread] INFO  org.example.wordle.WindowManager         - Showing new window --> [WORDLE | 4 Letters] in [/fxml/w4letters.fxml]...
2024-12-28 11:10:22,696 [JavaFX Application Thread] DEBUG org.example.wordle.WordManager           - Generating a word with length [4]...
2024-12-28 11:10:22,697 [JavaFX Application Thread] DEBUG org.example.wordle.WordManager           - Options selected: Countries --> [false], Films --> [true]
2024-12-28 11:10:22,698 [JavaFX Application Thread] INFO  org.example.wordle.WordManager           - Word generated --> [HULK]
2024-12-28 11:10:25,000 [JavaFX Application Thread] INFO  org.example.controllers.W4Letters        - [L] key pressed
2024-12-28 11:10:25,084 [JavaFX Application Thread] INFO  org.example.controllers.W4Letters        - [I] key pressed
2024-12-28 11:10:25,298 [JavaFX Application Thread] INFO  org.example.controllers.W4Letters        - [L] key pressed
2024-12-28 11:10:25,476 [JavaFX Application Thread] INFO  org.example.controllers.W4Letters        - [O] key pressed
2024-12-28 11:10:25,640 [JavaFX Application Thread] INFO  org.example.controllers.W4Letters        - [ENTER] key pressed
2024-12-28 11:10:25,640 [JavaFX Application Thread] INFO  org.example.controllers.W4Letters        - WORD --> [LILO]
2024-12-28 11:10:25,641 [JavaFX Application Thread] DEBUG org.example.wordle.WordManager           - Verifying user word...
2024-12-28 11:10:25,641 [JavaFX Application Thread] DEBUG org.example.wordle.WordManager           - Filling out the color list whit GREEN and GREY
2024-12-28 11:10:25,641 [JavaFX Application Thread] DEBUG org.example.wordle.WordManager           - Getting positions of letter [L]
2024-12-28 11:10:25,641 [JavaFX Application Thread] TRACE org.example.wordle.WordManager           - Positions collected: [[0]]
2024-12-28 11:10:25,641 [JavaFX Application Thread] DEBUG org.example.wordle.WordManager           - Getting positions of letter [L]
2024-12-28 11:10:25,641 [JavaFX Application Thread] TRACE org.example.wordle.WordManager           - Positions collected: [[]]
2024-12-28 11:10:25,641 [JavaFX Application Thread] DEBUG org.example.wordle.WordManager           - Getting positions of letter [I]
2024-12-28 11:10:25,641 [JavaFX Application Thread] TRACE org.example.wordle.WordManager           - Positions collected: [[1]]
2024-12-28 11:10:25,641 [JavaFX Application Thread] DEBUG org.example.wordle.WordManager           - Getting positions of letter [I]
2024-12-28 11:10:25,641 [JavaFX Application Thread] TRACE org.example.wordle.WordManager           - Positions collected: [[]]
2024-12-28 11:10:25,641 [JavaFX Application Thread] DEBUG org.example.wordle.WordManager           - Getting positions of letter [L]
2024-12-28 11:10:25,641 [JavaFX Application Thread] TRACE org.example.wordle.WordManager           - Positions collected: [[0]]
2024-12-28 11:10:25,642 [JavaFX Application Thread] DEBUG org.example.wordle.WordManager           - Getting positions of letter [L]
2024-12-28 11:10:25,642 [JavaFX Application Thread] TRACE org.example.wordle.WordManager           - Positions collected: [[]]
2024-12-28 11:10:25,642 [JavaFX Application Thread] DEBUG org.example.wordle.WordManager           - Getting positions of letter [O]
2024-12-28 11:10:25,642 [JavaFX Application Thread] TRACE org.example.wordle.WordManager           - Positions collected: [[3]]
2024-12-28 11:10:25,642 [JavaFX Application Thread] DEBUG org.example.wordle.WordManager           - Getting positions of letter [O]
2024-12-28 11:10:25,642 [JavaFX Application Thread] TRACE org.example.wordle.WordManager           - Positions collected: [[]]
2024-12-28 11:10:34,570 [JavaFX Application Thread] INFO  org.example.controllers.W4Letters        - [D] key pressed
2024-12-28 11:10:34,677 [JavaFX Application Thread] INFO  org.example.controllers.W4Letters        - [O] key pressed
2024-12-28 11:10:34,848 [JavaFX Application Thread] INFO  org.example.controllers.W4Letters        - [R] key pressed
2024-12-28 11:10:34,955 [JavaFX Application Thread] INFO  org.example.controllers.W4Letters        - [Y] key pressed
2024-12-28 11:10:35,291 [JavaFX Application Thread] INFO  org.example.controllers.W4Letters        - [ENTER] key pressed
2024-12-28 11:10:35,291 [JavaFX Application Thread] INFO  org.example.controllers.W4Letters        - WORD --> [DORY]
2024-12-28 11:10:35,291 [JavaFX Application Thread] DEBUG org.example.wordle.WordManager           - Verifying user word...
2024-12-28 11:10:35,292 [JavaFX Application Thread] DEBUG org.example.wordle.WordManager           - Filling out the color list whit GREEN and GREY
2024-12-28 11:10:35,292 [JavaFX Application Thread] DEBUG org.example.wordle.WordManager           - Getting positions of letter [D]
2024-12-28 11:10:35,292 [JavaFX Application Thread] TRACE org.example.wordle.WordManager           - Positions collected: [[0]]
2024-12-28 11:10:35,292 [JavaFX Application Thread] DEBUG org.example.wordle.WordManager           - Getting positions of letter [D]
2024-12-28 11:10:35,292 [JavaFX Application Thread] TRACE org.example.wordle.WordManager           - Positions collected: [[]]
2024-12-28 11:10:35,292 [JavaFX Application Thread] DEBUG org.example.wordle.WordManager           - Getting positions of letter [O]
2024-12-28 11:10:35,292 [JavaFX Application Thread] TRACE org.example.wordle.WordManager           - Positions collected: [[1]]
2024-12-28 11:10:35,292 [JavaFX Application Thread] DEBUG org.example.wordle.WordManager           - Getting positions of letter [O]
2024-12-28 11:10:35,292 [JavaFX Application Thread] TRACE org.example.wordle.WordManager           - Positions collected: [[]]
2024-12-28 11:10:35,292 [JavaFX Application Thread] DEBUG org.example.wordle.WordManager           - Getting positions of letter [R]
2024-12-28 11:10:35,293 [JavaFX Application Thread] TRACE org.example.wordle.WordManager           - Positions collected: [[2]]
2024-12-28 11:10:35,293 [JavaFX Application Thread] DEBUG org.example.wordle.WordManager           - Getting positions of letter [R]
2024-12-28 11:10:35,293 [JavaFX Application Thread] TRACE org.example.wordle.WordManager           - Positions collected: [[]]
2024-12-28 11:10:35,293 [JavaFX Application Thread] DEBUG org.example.wordle.WordManager           - Getting positions of letter [Y]
2024-12-28 11:10:35,293 [JavaFX Application Thread] TRACE org.example.wordle.WordManager           - Positions collected: [[3]]
2024-12-28 11:10:35,293 [JavaFX Application Thread] DEBUG org.example.wordle.WordManager           - Getting positions of letter [Y]
2024-12-28 11:10:35,293 [JavaFX Application Thread] TRACE org.example.wordle.WordManager           - Positions collected: [[]]
2024-12-28 11:10:37,533 [JavaFX Application Thread] INFO  org.example.controllers.W4Letters        - [B] key pressed
2024-12-28 11:10:37,657 [JavaFX Application Thread] INFO  org.example.controllers.W4Letters        - [A] key pressed
2024-12-28 11:10:37,839 [JavaFX Application Thread] INFO  org.example.controllers.W4Letters        - [R] key pressed
2024-12-28 11:10:38,029 [JavaFX Application Thread] INFO  org.example.controllers.W4Letters        - [T] key pressed
2024-12-28 11:10:38,158 [JavaFX Application Thread] INFO  org.example.controllers.W4Letters        - [ENTER] key pressed
2024-12-28 11:10:38,158 [JavaFX Application Thread] INFO  org.example.controllers.W4Letters        - WORD --> [BART]
2024-12-28 11:10:38,158 [JavaFX Application Thread] DEBUG org.example.wordle.WordManager           - Verifying user word...
2024-12-28 11:10:38,159 [JavaFX Application Thread] DEBUG org.example.wordle.WordManager           - Filling out the color list whit GREEN and GREY
2024-12-28 11:10:38,159 [JavaFX Application Thread] DEBUG org.example.wordle.WordManager           - Getting positions of letter [B]
2024-12-28 11:10:38,159 [JavaFX Application Thread] TRACE org.example.wordle.WordManager           - Positions collected: [[0]]
2024-12-28 11:10:38,159 [JavaFX Application Thread] DEBUG org.example.wordle.WordManager           - Getting positions of letter [B]
2024-12-28 11:10:38,159 [JavaFX Application Thread] TRACE org.example.wordle.WordManager           - Positions collected: [[]]
2024-12-28 11:10:38,159 [JavaFX Application Thread] DEBUG org.example.wordle.WordManager           - Getting positions of letter [A]
2024-12-28 11:10:38,159 [JavaFX Application Thread] TRACE org.example.wordle.WordManager           - Positions collected: [[1]]
2024-12-28 11:10:38,159 [JavaFX Application Thread] DEBUG org.example.wordle.WordManager           - Getting positions of letter [A]
2024-12-28 11:10:38,159 [JavaFX Application Thread] TRACE org.example.wordle.WordManager           - Positions collected: [[]]
2024-12-28 11:10:38,159 [JavaFX Application Thread] DEBUG org.example.wordle.WordManager           - Getting positions of letter [R]
2024-12-28 11:10:38,159 [JavaFX Application Thread] TRACE org.example.wordle.WordManager           - Positions collected: [[2]]
2024-12-28 11:10:38,159 [JavaFX Application Thread] DEBUG org.example.wordle.WordManager           - Getting positions of letter [R]
2024-12-28 11:10:38,159 [JavaFX Application Thread] TRACE org.example.wordle.WordManager           - Positions collected: [[]]
2024-12-28 11:10:38,159 [JavaFX Application Thread] DEBUG org.example.wordle.WordManager           - Getting positions of letter [T]
2024-12-28 11:10:38,159 [JavaFX Application Thread] TRACE org.example.wordle.WordManager           - Positions collected: [[3]]
2024-12-28 11:10:38,160 [JavaFX Application Thread] DEBUG org.example.wordle.WordManager           - Getting positions of letter [T]
2024-12-28 11:10:38,160 [JavaFX Application Thread] TRACE org.example.wordle.WordManager           - Positions collected: [[]]
2024-12-28 11:11:03,746 [JavaFX Application Thread] INFO  org.example.controllers.W4Letters        - [H] key pressed
2024-12-28 11:11:03,877 [JavaFX Application Thread] INFO  org.example.controllers.W4Letters        - [E] key pressed
2024-12-28 11:11:04,114 [JavaFX Application Thread] INFO  org.example.controllers.W4Letters        - [L] key pressed
2024-12-28 11:11:04,398 [JavaFX Application Thread] INFO  org.example.controllers.W4Letters        - [Y] key pressed
2024-12-28 11:11:04,661 [JavaFX Application Thread] INFO  org.example.controllers.W4Letters        - [ENTER] key pressed
2024-12-28 11:11:04,662 [JavaFX Application Thread] INFO  org.example.controllers.W4Letters        - WORD --> [HELY]
2024-12-28 11:11:04,662 [JavaFX Application Thread] DEBUG org.example.wordle.WordManager           - Verifying user word...
2024-12-28 11:11:04,662 [JavaFX Application Thread] DEBUG org.example.wordle.WordManager           - Filling out the color list whit GREEN and GREY
2024-12-28 11:11:04,662 [JavaFX Application Thread] DEBUG org.example.wordle.WordManager           - Getting positions of letter [H]
2024-12-28 11:11:04,662 [JavaFX Application Thread] TRACE org.example.wordle.WordManager           - Positions collected: [[]]
2024-12-28 11:11:04,662 [JavaFX Application Thread] DEBUG org.example.wordle.WordManager           - Getting positions of letter [H]
2024-12-28 11:11:04,662 [JavaFX Application Thread] TRACE org.example.wordle.WordManager           - Positions collected: [[]]
2024-12-28 11:11:04,662 [JavaFX Application Thread] DEBUG org.example.wordle.WordManager           - Getting positions of letter [E]
2024-12-28 11:11:04,663 [JavaFX Application Thread] TRACE org.example.wordle.WordManager           - Positions collected: [[1]]
2024-12-28 11:11:04,663 [JavaFX Application Thread] DEBUG org.example.wordle.WordManager           - Getting positions of letter [E]
2024-12-28 11:11:04,663 [JavaFX Application Thread] TRACE org.example.wordle.WordManager           - Positions collected: [[]]
2024-12-28 11:11:04,663 [JavaFX Application Thread] DEBUG org.example.wordle.WordManager           - Getting positions of letter [L]
2024-12-28 11:11:04,663 [JavaFX Application Thread] TRACE org.example.wordle.WordManager           - Positions collected: [[]]
2024-12-28 11:11:04,663 [JavaFX Application Thread] DEBUG org.example.wordle.WordManager           - Getting positions of letter [L]
2024-12-28 11:11:04,663 [JavaFX Application Thread] TRACE org.example.wordle.WordManager           - Positions collected: [[]]
2024-12-28 11:11:04,663 [JavaFX Application Thread] DEBUG org.example.wordle.WordManager           - Getting positions of letter [Y]
2024-12-28 11:11:04,663 [JavaFX Application Thread] TRACE org.example.wordle.WordManager           - Positions collected: [[3]]
2024-12-28 11:11:04,663 [JavaFX Application Thread] DEBUG org.example.wordle.WordManager           - Getting positions of letter [Y]
2024-12-28 11:11:04,663 [JavaFX Application Thread] TRACE org.example.wordle.WordManager           - Positions collected: [[]]
2024-12-28 11:11:07,151 [JavaFX Application Thread] INFO  org.example.controllers.W4Letters        - [H] key pressed
2024-12-28 11:11:09,892 [JavaFX Application Thread] INFO  org.example.controllers.W4Letters        - [BACK_SPACE] key pressed
2024-12-28 11:11:09,892 [JavaFX Application Thread] WARN  org.example.controllers.W4Letters        - Letter [H] was deleted
2024-12-28 11:11:10,080 [JavaFX Application Thread] INFO  org.example.controllers.W4Letters        - [BACK_SPACE] key pressed
2024-12-28 11:11:10,081 [JavaFX Application Thread] WARN  org.example.controllers.W4Letters        - The USER WORD is empty
2024-12-28 11:11:10,686 [JavaFX Application Thread] INFO  org.example.controllers.W4Letters        - [H] key pressed
2024-12-28 11:11:13,967 [JavaFX Application Thread] INFO  org.example.controllers.W4Letters        - [BACK_SPACE] key pressed
2024-12-28 11:11:13,968 [JavaFX Application Thread] WARN  org.example.controllers.W4Letters        - Letter [H] was deleted
2024-12-28 11:11:25,569 [JavaFX Application Thread] INFO  org.example.controllers.W4Letters        - [H] key pressed
2024-12-28 11:11:25,744 [JavaFX Application Thread] INFO  org.example.controllers.W4Letters        - [U] key pressed
2024-12-28 11:11:25,953 [JavaFX Application Thread] INFO  org.example.controllers.W4Letters        - [L] key pressed
2024-12-28 11:11:27,047 [JavaFX Application Thread] INFO  org.example.controllers.W4Letters        - [K] key pressed
2024-12-28 11:11:27,303 [JavaFX Application Thread] INFO  org.example.controllers.W4Letters        - [ENTER] key pressed
2024-12-28 11:11:27,305 [JavaFX Application Thread] INFO  org.example.controllers.W4Letters        - WORD --> [HULK]
2024-12-28 11:11:27,305 [JavaFX Application Thread] DEBUG org.example.wordle.WordManager           - Verifying user word...
2024-12-28 11:11:27,305 [JavaFX Application Thread] DEBUG org.example.wordle.WordManager           - Filling out the color list whit GREEN and GREY
2024-12-28 11:11:27,305 [JavaFX Application Thread] DEBUG org.example.wordle.WordManager           - Getting positions of letter [H]
2024-12-28 11:11:27,305 [JavaFX Application Thread] TRACE org.example.wordle.WordManager           - Positions collected: [[]]
2024-12-28 11:11:27,305 [JavaFX Application Thread] DEBUG org.example.wordle.WordManager           - Getting positions of letter [H]
2024-12-28 11:11:27,306 [JavaFX Application Thread] TRACE org.example.wordle.WordManager           - Positions collected: [[]]
2024-12-28 11:11:27,306 [JavaFX Application Thread] DEBUG org.example.wordle.WordManager           - Getting positions of letter [U]
2024-12-28 11:11:27,306 [JavaFX Application Thread] TRACE org.example.wordle.WordManager           - Positions collected: [[]]
2024-12-28 11:11:27,306 [JavaFX Application Thread] DEBUG org.example.wordle.WordManager           - Getting positions of letter [U]
2024-12-28 11:11:27,306 [JavaFX Application Thread] TRACE org.example.wordle.WordManager           - Positions collected: [[]]
2024-12-28 11:11:27,306 [JavaFX Application Thread] DEBUG org.example.wordle.WordManager           - Getting positions of letter [L]
2024-12-28 11:11:27,306 [JavaFX Application Thread] TRACE org.example.wordle.WordManager           - Positions collected: [[]]
2024-12-28 11:11:27,306 [JavaFX Application Thread] DEBUG org.example.wordle.WordManager           - Getting positions of letter [L]
2024-12-28 11:11:27,306 [JavaFX Application Thread] TRACE org.example.wordle.WordManager           - Positions collected: [[]]
2024-12-28 11:11:27,306 [JavaFX Application Thread] DEBUG org.example.wordle.WordManager           - Getting positions of letter [K]
2024-12-28 11:11:27,306 [JavaFX Application Thread] TRACE org.example.wordle.WordManager           - Positions collected: [[]]
2024-12-28 11:11:27,306 [JavaFX Application Thread] DEBUG org.example.wordle.WordManager           - Getting positions of letter [K]
2024-12-28 11:11:27,306 [JavaFX Application Thread] TRACE org.example.wordle.WordManager           - Positions collected: [[]]
2024-12-28 11:11:27,307 [JavaFX Application Thread] INFO  org.example.controllers.W4Letters        - You win! You guess de word --> [HULK]
2024-12-28 11:11:31,151 [JavaFX Application Thread] INFO  org.example.wordle.MainApplication       - Close the application...
